Start testing: Sep 11 18:08 +03
----------------------------------------------------------
1/1 Testing: add
1/1 Test: add
Command: "/home/german/Документы/453504/ОАиП/LR1/build/a.out"
Directory: /home/german/Документы/453504/ОАиП/LR1/build
"add" start time: Sep 11 18:08 +03
Output:
----------------------------------------------------------
[==========] Running 2 tests from 1 test suite.
[----------] Global test environment set-up.
[----------] 2 tests from add
[ RUN      ] add.positive
[       OK ] add.positive (0 ms)
[ RUN      ] add.negative
[       OK ] add.negative (0 ms)
[----------] 2 tests from add (0 ms total)

[----------] Global test environment tear-down
[==========] 2 tests from 1 test suite ran. (1 ms total)
[  PASSED  ] 2 tests.
<end of output>
Test time =   0.01 sec
----------------------------------------------------------
Test Passed.
"add" end time: Sep 11 18:08 +03
"add" time elapsed: 00:00:00
----------------------------------------------------------

End testing: Sep 11 18:08 +03
